{
  "RSpec": {
    "coverage": {
      "/Users/charlesellison/texas_holdem/app/helpers/application_helper.rb": [
        1,
        null
      ],
      "/Users/charlesellison/texas_holdem/app/helpers/card_helper.rb": [
        1,
        1,
        3939,
        23741,
        null,
        260,
        null,
        84,
        null,
        609,
        null,
        84,
        null,
        22704,
        null,
        null,
        null,
        null,
        1,
        2074,
        null,
        null,
        null,
        260,
        null,
        null,
        1,
        2175,
        13458,
        null,
        null,
        null,
        1,
        33,
        33,
        null,
        31,
        217,
        null,
        31,
        null,
        null,
        1,
        248,
        248,
        248,
        248,
        13888,
        1032,
        null,
        704,
        null,
        1736,
        null,
        248,
        null,
        null
      ],
      "/Users/charlesellison/texas_holdem/app/helpers/games_helper.rb": [
        1,
        1,
        0,
        0,
        null,
        0,
        null,
        null,
        null
      ],
      "/Users/charlesellison/texas_holdem/app/helpers/player_helper.rb": [
        1,
        1,
        7,
        null,
        null,
        null,
        null,
        null,
        7,
        null,
        9,
        7,
        7,
        7,
        7,
        7,
        null,
        null,
        1,
        0,
        0,
        0,
        0,
        null,
        null,
        null,
        1,
        2,
        2,
        2,
        null,
        null,
        1,
        null,
        2,
        2,
        null,
        null,
        1,
        null,
        1,
        1,
        1,
        null,
        null,
        1,
        0,
        0,
        0,
        0,
        null,
        null
      ],
      "/Users/charlesellison/texas_holdem/app/helpers/rooms_helper.rb": [
        1,
        null
      ],
      "/Users/charlesellison/texas_holdem/app/controllers/rooms_controller.rb": [
        1,
        1,
        2,
        1,
        1,
        null,
        1,
        1,
        null,
        1,
        null,
        null,
        null
      ],
      "/Users/charlesellison/texas_holdem/app/controllers/application_controller.rb": [
        1,
        1,
        null,
        1,
        null,
        1,
        22,
        null,
        null
      ],
      "/Users/charlesellison/texas_holdem/app/jobs/game_card_job.rb": [
        1,
        1,
        null,
        1,
        0,
        null,
        null,
        1,
        1,
        0,
        null,
        null
      ],
      "/Users/charlesellison/texas_holdem/app/jobs/application_job.rb": [
        1,
        null
      ],
      "/Users/charlesellison/texas_holdem/app/jobs/message_broadcast_job.rb": [
        1,
        1,
        null,
        1,
        0,
        null,
        null,
        1,
        1,
        0,
        null,
        null
      ],
      "/Users/charlesellison/texas_holdem/app/jobs/render_player_job.rb": [
        1,
        1,
        null,
        1,
        0,
        null,
        null,
        1,
        1,
        0,
        null,
        null
      ],
      "/Users/charlesellison/texas_holdem/app/models/ai_player.rb": [
        1,
        1,
        1,
        1,
        1,
        1,
        null,
        1,
        0,
        0,
        null,
        null,
        0,
        null,
        null,
        null,
        null,
        null,
        1,
        null,
        0,
        0,
        null,
        0,
        0,
        0,
        0,
        null,
        0,
        null,
        null,
        null,
        null,
        null,
        null,
        null,
        null,
        null,
        null,
        null,
        null,
        null,
        null,
        null,
        null,
        null,
        null,
        null,
        null,
        null,
        null,
        null,
        null,
        null,
        null,
        null,
        null,
        null,
        null,
        null,
        null,
        1,
        null,
        null,
        null,
        null,
        null,
        null,
        null,
        null,
        0,
        null,
        null,
        null,
        1,
        0,
        0,
        null,
        null,
        1,
        0,
        0,
        0,
        null,
        null,
        1,
        0,
        null,
        null,
        1,
        0,
        null,
        null,
        0,
        0,
        0,
        null,
        null,
        1,
        null,
        0,
        0,
        null,
        null
      ],
      "/Users/charlesellison/texas_holdem/app/models/application_record.rb": [
        1,
        1,
        null
      ],
      "/Users/charlesellison/texas_holdem/app/models/card_analyzer.rb": [
        1,
        1,
        null,
        1,
        7400,
        null,
        null,
        1,
        null,
        31206,
        null,
        null,
        null,
        1,
        1,
        null,
        1,
        1896,
        null,
        null,
        1,
        null,
        null,
        10366,
        null,
        null,
        null,
        1,
        1,
        null,
        1,
        1896,
        null,
        null,
        1,
        1689,
        8427,
        null,
        null,
        2269,
        null,
        null,
        null,
        1,
        1,
        null,
        1,
        1896,
        null,
        null,
        1,
        281,
        null,
        null,
        null,
        1,
        1,
        null,
        1,
        1896,
        null,
        null,
        1,
        1896,
        1896,
        7410,
        null,
        null,
        1896,
        1938,
        null,
        null,
        null,
        null,
        1,
        1,
        null,
        1,
        null,
        1,
        1896,
        null,
        null,
        1,
        null,
        1894,
        null,
        1894,
        1894,
        5504,
        null,
        null,
        null,
        null,
        1,
        1,
        1,
        null,
        1,
        7400,
        null,
        null,
        1,
        1764,
        1764,
        10283,
        10283,
        null,
        1764,
        8682,
        4621,
        null,
        4061,
        null,
        8682,
        null,
        1764,
        null,
        null,
        null,
        1,
        1,
        null,
        1,
        1896,
        null,
        null,
        1,
        null,
        null,
        7181,
        null,
        null,
        null,
        1,
        1,
        null,
        1,
        1896,
        null,
        null,
        1,
        null,
        null,
        3995,
        null,
        null,
        null,
        1,
        1,
        null,
        1,
        1896,
        null,
        null,
        1,
        null,
        6180,
        null,
        null,
        null,
        1,
        1,
        null,
        1,
        null,
        1,
        null,
        18960,
        1896,
        null,
        null,
        1,
        13,
        37,
        null,
        13,
        37,
        null,
        13,
        null,
        null,
        1,
        13,
        1,
        null,
        null,
        45,
        null,
        null,
        null,
        198,
        null,
        null,
        null,
        12,
        null,
        null,
        null,
        1,
        12,
        32,
        null,
        null,
        3,
        1,
        null,
        null,
        null,
        null,
        null,
        null,
        null,
        null,
        null,
        null,
        null,
        null,
        null,
        null,
        null,
        null,
        null,
        null,
        null,
        null
      ],
      "/Users/charlesellison/texas_holdem/app/models/card.rb": [
        1,
        1,
        1,
        1,
        null
      ],
      "/Users/charlesellison/texas_holdem/app/models/game.rb": [
        1,
        1,
        1,
        1,
        1,
        null,
        1,
        7,
        null,
        null,
        1,
        0,
        0,
        null,
        0,
        0,
        null,
        0,
        null,
        null,
        1,
        0,
        0,
        0,
        null,
        null,
        1,
        0,
        0,
        0,
        0,
        0,
        null,
        null,
        1,
        0,
        0,
        0,
        null,
        null,
        0,
        0,
        null,
        0,
        null,
        null,
        1,
        0,
        0,
        null,
        null,
        1,
        2,
        2,
        null,
        null,
        1,
        4,
        208,
        null,
        4,
        null,
        null,
        1,
        1,
        6,
        null,
        null,
        null,
        1,
        30,
        55,
        null,
        null,
        null,
        1,
        1,
        1,
        null,
        1,
        4,
        null,
        null,
        1,
        2,
        null,
        null,
        1,
        3,
        3,
        3,
        3,
        null,
        null,
        1,
        2,
        6,
        null,
        null,
        null,
        1,
        7,
        7,
        7,
        null,
        null,
        1,
        6,
        6,
        6,
        6,
        6,
        null,
        null,
        1,
        3,
        null,
        null,
        1,
        0,
        0,
        0,
        null,
        0,
        0,
        null,
        null,
        1,
        0,
        0,
        0,
        null,
        0,
        null,
        null,
        1,
        0,
        0,
        0,
        null,
        null
      ],
      "/Users/charlesellison/texas_holdem/app/models/message.rb": [
        1,
        8,
        null
      ],
      "/Users/charlesellison/texas_holdem/app/models/user.rb": [
        1,
        1,
        1,
        null,
        1,
        1,
        null,
        1,
        1,
        null,
        1,
        1,
        1,
        null,
        null,
        1,
        3,
        1,
        null,
        2,
        2,
        null,
        null,
        null,
        null,
        null,
        0,
        0,
        null,
        null,
        0,
        null,
        0,
        null,
        1,
        null,
        null,
        1,
        2,
        2,
        null,
        null,
        1,
        1,
        2,
        2,
        2,
        null,
        null
      ],
      "/Users/charlesellison/texas_holdem/app/services/cards_service.rb": [
        1,
        1,
        null,
        1,
        5,
        null,
        null,
        1,
        5,
        null,
        null,
        1,
        null,
        1,
        5,
        null,
        null,
        1,
        5,
        null,
        null
      ],
      "/Users/charlesellison/texas_holdem/app/controllers/welcome_controller.rb": [
        1,
        1,
        null,
        null
      ],
      "/Users/charlesellison/texas_holdem/app/controllers/users_controller.rb": [
        1,
        1,
        4,
        4,
        1,
        1,
        null,
        3,
        null,
        null,
        null,
        1,
        4,
        null,
        null
      ],
      "/Users/charlesellison/texas_holdem/app/controllers/sessions_controller.rb": [
        1,
        1,
        3,
        3,
        2,
        2,
        null,
        1,
        null,
        null,
        null,
        1,
        0,
        0,
        null,
        null
      ],
      "/Users/charlesellison/texas_holdem/app/channels/application_cable/channel.rb": [
        0,
        0,
        0,
        0
      ],
      "/Users/charlesellison/texas_holdem/app/channels/application_cable/connection.rb": [
        0,
        0,
        0,
        0,
        0,
        0,
        0,
        0,
        0,
        0,
        0,
        0,
        0,
        0,
        0,
        0,
        0,
        0,
        0,
        0,
        0,
        0
      ],
      "/Users/charlesellison/texas_holdem/app/channels/room_channel.rb": [
        0,
        0,
        0,
        0,
        0,
        0,
        0,
        0,
        0,
        0,
        0,
        0,
        0,
        0,
        0,
        0,
        0,
        0,
        0,
        0,
        0,
        0,
        0,
        0,
        0,
        0,
        0,
        0,
        0,
        0,
        0,
        0,
        0,
        0,
        0,
        0,
        0,
        0,
        0,
        0,
        0,
        0,
        0,
        0,
        0,
        0,
        0,
        0,
        0,
        0,
        0,
        0,
        0,
        0,
        0,
        0,
        0,
        0,
        0,
        0,
        0,
        0,
        0,
        0,
        0,
        0,
        0,
        0,
        0,
        0,
        0,
        0,
        0,
        0,
        0,
        0,
        0,
        0,
        0,
        0,
        0,
        0,
        0,
        0,
        0,
        0,
        0,
        0,
        0,
        0,
        0,
        0
      ],
      "/Users/charlesellison/texas_holdem/app/controllers/cards_controller.rb": [
        0,
        0,
        0,
        0,
        0,
        0,
        0,
        0,
        0,
        0
      ],
      "/Users/charlesellison/texas_holdem/app/mailers/application_mailer.rb": [
        0,
        0,
        0,
        0
      ]
    },
    "timestamp": 1469769822
  }
}
